{"/Users/will/Documents/Projects/G2i-Node-JS-Test/src/index.ts": {"path":"/Users/will/Documents/Projects/G2i-Node-JS-Test/src/index.ts","statementMap":{"0":{"start":{"line":1,"column":0},"end":{"line":1,"column":30}},"1":{"start":{"line":2,"column":0},"end":{"line":2,"column":30}},"2":{"start":{"line":3,"column":0},"end":{"line":3,"column":46}},"3":{"start":{"line":4,"column":0},"end":{"line":4,"column":46}},"4":{"start":{"line":6,"column":12},"end":{"line":6,"column":21}},"5":{"start":{"line":10,"column":0},"end":{"line":10,"column":24}},"6":{"start":{"line":12,"column":0},"end":{"line":12,"column":13}},"7":{"start":{"line":13,"column":0},"end":{"line":13,"column":50}},"8":{"start":{"line":13,"column":12},"end":{"line":13,"column":47}},"9":{"start":{"line":13,"column":13},"end":{"line":13,"column":47}},"10":{"start":{"line":15,"column":13},"end":{"line":15,"column":46}},"11":{"start":{"line":17,"column":13},"end":{"line":19,"column":2}},"12":{"start":{"line":18,"column":2},"end":{"line":18,"column":43}}},"fnMap":{"0":{"name":"(anonymous_8)","decl":{"start":{"line":13,"column":1},"end":{"line":13,"column":10}},"loc":{"start":{"line":13,"column":12},"end":{"line":13,"column":47}}},"1":{"name":"(anonymous_9)","decl":{"start":{"line":13,"column":12},"end":{"line":13,"column":13}},"loc":{"start":{"line":13,"column":12},"end":{"line":13,"column":47}}},"2":{"name":"(anonymous_10)","decl":{"start":{"line":17,"column":39},"end":{"line":17,"column":42}},"loc":{"start":{"line":18,"column":2},"end":{"line":18,"column":43}}}},"branchMap":{"0":{"loc":{"start":{"line":15,"column":20},"end":{"line":15,"column":36}},"type":"binary-expr","locations":[{"start":{"line":15,"column":20},"end":{"line":15,"column":36}},{"start":{"line":15,"column":40},"end":{"line":15,"column":45}}]}},"s":{"0":1,"1":1,"2":1,"3":1,"4":1,"5":1,"6":1,"7":1,"8":1,"9":1,"10":1,"11":1,"12":1},"f":{"0":1,"1":1,"2":1},"b":{"0":[1,1]}}
,"/Users/will/Documents/Projects/G2i-Node-JS-Test/src/middleware/error-middleware.ts": {"path":"/Users/will/Documents/Projects/G2i-Node-JS-Test/src/middleware/error-middleware.ts","statementMap":{"0":{"start":{"line":2,"column":0},"end":{"line":2,"column":30}},"1":{"start":{"line":4,"column":31},"end":{"line":23,"column":1}},"2":{"start":{"line":10,"column":2},"end":{"line":21,"column":null}},"3":{"start":{"line":11,"column":4},"end":{"line":11,"column":30}},"4":{"start":{"line":13,"column":4},"end":{"line":13,"column":61}},"5":{"start":{"line":15,"column":4},"end":{"line":20,"column":null}},"6":{"start":{"line":16,"column":6},"end":{"line":16,"column":45}},"7":{"start":{"line":19,"column":6},"end":{"line":19,"column":38}},"8":{"start":{"line":22,"column":2},"end":{"line":22,"column":9}},"9":{"start":{"line":4,"column":13},"end":{"line":4,"column":31}}},"fnMap":{"0":{"name":"(anonymous_1)","decl":{"start":{"line":4,"column":31},"end":{"line":4,"column":null}},"loc":{"start":{"line":9,"column":4},"end":{"line":23,"column":1}}}},"branchMap":{"0":{"loc":{"start":{"line":10,"column":2},"end":{"line":21,"column":null}},"type":"if","locations":[{"start":{"line":10,"column":2},"end":{"line":21,"column":null}},{"start":{"line":10,"column":2},"end":{"line":21,"column":null}}]},"1":{"loc":{"start":{"line":15,"column":4},"end":{"line":20,"column":null}},"type":"if","locations":[{"start":{"line":15,"column":4},"end":{"line":20,"column":null}},{"start":{"line":15,"column":4},"end":{"line":20,"column":null}}]}},"s":{"0":1,"1":1,"2":0,"3":0,"4":0,"5":0,"6":0,"7":0,"8":0,"9":1},"f":{"0":0},"b":{"0":[0,0],"1":[0,0]}}
,"/Users/will/Documents/Projects/G2i-Node-JS-Test/src/middleware/reroute-middleware.ts": {"path":"/Users/will/Documents/Projects/G2i-Node-JS-Test/src/middleware/reroute-middleware.ts","statementMap":{"0":{"start":{"line":4,"column":33},"end":{"line":47,"column":1}},"1":{"start":{"line":20,"column":41},"end":{"line":20,"column":44}},"2":{"start":{"line":22,"column":2},"end":{"line":42,"column":null}},"3":{"start":{"line":26,"column":18},"end":{"line":26,"column":55}},"4":{"start":{"line":28,"column":4},"end":{"line":41,"column":null}},"5":{"start":{"line":29,"column":18},"end":{"line":29,"column":73}},"6":{"start":{"line":31,"column":21},"end":{"line":31,"column":69}},"7":{"start":{"line":33,"column":6},"end":{"line":33,"column":23}},"8":{"start":{"line":34,"column":6},"end":{"line":34,"column":31}},"9":{"start":{"line":35,"column":6},"end":{"line":35,"column":35}},"10":{"start":{"line":36,"column":6},"end":{"line":36,"column":34}},"11":{"start":{"line":37,"column":6},"end":{"line":37,"column":39}},"12":{"start":{"line":38,"column":6},"end":{"line":38,"column":35}},"13":{"start":{"line":39,"column":6},"end":{"line":39,"column":35}},"14":{"start":{"line":40,"column":6},"end":{"line":40,"column":35}},"15":{"start":{"line":44,"column":2},"end":{"line":44,"column":23}},"16":{"start":{"line":46,"column":2},"end":{"line":46,"column":9}},"17":{"start":{"line":4,"column":13},"end":{"line":4,"column":33}}},"fnMap":{"0":{"name":"(anonymous_0)","decl":{"start":{"line":4,"column":33},"end":{"line":4,"column":null}},"loc":{"start":{"line":8,"column":4},"end":{"line":47,"column":1}}}},"branchMap":{"0":{"loc":{"start":{"line":22,"column":2},"end":{"line":42,"column":null}},"type":"if","locations":[{"start":{"line":22,"column":2},"end":{"line":42,"column":null}},{"start":{"line":22,"column":2},"end":{"line":42,"column":null}}]},"1":{"loc":{"start":{"line":23,"column":4},"end":{"line":23,"column":32}},"type":"binary-expr","locations":[{"start":{"line":23,"column":4},"end":{"line":23,"column":32}},{"start":{"line":24,"column":5},"end":{"line":24,"column":25}},{"start":{"line":24,"column":29},"end":{"line":24,"column":49}},{"start":{"line":24,"column":53},"end":{"line":24,"column":76}}]},"2":{"loc":{"start":{"line":28,"column":4},"end":{"line":41,"column":null}},"type":"if","locations":[{"start":{"line":28,"column":4},"end":{"line":41,"column":null}},{"start":{"line":28,"column":4},"end":{"line":41,"column":null}}]},"3":{"loc":{"start":{"line":28,"column":8},"end":{"line":28,"column":13}},"type":"binary-expr","locations":[{"start":{"line":28,"column":8},"end":{"line":28,"column":13}},{"start":{"line":28,"column":17},"end":{"line":28,"column":39}}]},"4":{"loc":{"start":{"line":29,"column":26},"end":{"line":29,"column":44}},"type":"cond-expr","locations":[{"start":{"line":29,"column":26},"end":{"line":29,"column":44}},{"start":{"line":29,"column":47},"end":{"line":29,"column":73}}]},"5":{"loc":{"start":{"line":31,"column":50},"end":{"line":31,"column":53}},"type":"cond-expr","locations":[{"start":{"line":31,"column":50},"end":{"line":31,"column":53}},{"start":{"line":31,"column":56},"end":{"line":31,"column":58}}]}},"s":{"0":1,"1":20,"2":20,"3":16,"4":16,"5":12,"6":12,"7":12,"8":12,"9":12,"10":12,"11":12,"12":12,"13":12,"14":12,"15":20,"16":20,"17":1},"f":{"0":20},"b":{"0":[16,4],"1":[20,19,12,8],"2":[12,4],"3":[16,16],"4":[0,12],"5":[0,12]}}
,"/Users/will/Documents/Projects/G2i-Node-JS-Test/src/middleware/guard/auth-guard-middleware.ts": {"path":"/Users/will/Documents/Projects/G2i-Node-JS-Test/src/middleware/guard/auth-guard-middleware.ts","statementMap":{"0":{"start":{"line":3,"column":35},"end":{"line":12,"column":1}},"1":{"start":{"line":8,"column":16},"end":{"line":8,"column":42}},"2":{"start":{"line":9,"column":2},"end":{"line":11,"column":74}},"3":{"start":{"line":3,"column":13},"end":{"line":3,"column":35}}},"fnMap":{"0":{"name":"(anonymous_0)","decl":{"start":{"line":3,"column":35},"end":{"line":3,"column":null}},"loc":{"start":{"line":7,"column":4},"end":{"line":12,"column":1}}}},"branchMap":{"0":{"loc":{"start":{"line":10,"column":6},"end":{"line":10,"column":12}},"type":"cond-expr","locations":[{"start":{"line":10,"column":6},"end":{"line":10,"column":12}},{"start":{"line":11,"column":6},"end":{"line":11,"column":73}}]}},"s":{"0":1,"1":9,"2":9,"3":1},"f":{"0":9},"b":{"0":[8,1]}}
,"/Users/will/Documents/Projects/G2i-Node-JS-Test/src/models/acronym-model.ts": {"path":"/Users/will/Documents/Projects/G2i-Node-JS-Test/src/models/acronym-model.ts","statementMap":{"0":{"start":{"line":1,"column":0},"end":{"line":1,"column":44}},"1":{"start":{"line":2,"column":0},"end":{"line":2,"column":41}},"2":{"start":{"line":8,"column":22},"end":{"line":21,"column":null}},"3":{"start":{"line":24,"column":13},"end":{"line":24,"column":55}},"4":{"start":{"line":27,"column":17},"end":{"line":30,"column":4}},"5":{"start":{"line":32,"column":2},"end":{"line":32,"column":34}},"6":{"start":{"line":26,"column":0},"end":{"line":26,"column":16}},"7":{"start":{"line":38,"column":17},"end":{"line":41,"column":4}},"8":{"start":{"line":43,"column":2},"end":{"line":43,"column":34}},"9":{"start":{"line":35,"column":0},"end":{"line":35,"column":16}}},"fnMap":{"0":{"name":"validateAcronym","decl":{"start":{"line":26,"column":16},"end":{"line":26,"column":31}},"loc":{"start":{"line":26,"column":57},"end":{"line":33,"column":1}}},"1":{"name":"validateAcronymForUpdate","decl":{"start":{"line":35,"column":16},"end":{"line":35,"column":40}},"loc":{"start":{"line":36,"column":33},"end":{"line":44,"column":1}}}},"branchMap":{},"s":{"0":1,"1":1,"2":1,"3":1,"4":2,"5":2,"6":1,"7":3,"8":3,"9":1},"f":{"0":2,"1":3},"b":{}}
,"/Users/will/Documents/Projects/G2i-Node-JS-Test/src/routes/acronym-route.ts": {"path":"/Users/will/Documents/Projects/G2i-Node-JS-Test/src/routes/acronym-route.ts","statementMap":{"0":{"start":{"line":1,"column":0},"end":{"line":1,"column":null}},"1":{"start":{"line":6,"column":0},"end":{"line":6,"column":67}},"2":{"start":{"line":7,"column":0},"end":{"line":7,"column":null}},"3":{"start":{"line":10,"column":0},"end":{"line":10,"column":68}},"4":{"start":{"line":11,"column":0},"end":{"line":11,"column":52}},"5":{"start":{"line":12,"column":0},"end":{"line":12,"column":80}},"6":{"start":{"line":13,"column":0},"end":{"line":13,"column":32}},"7":{"start":{"line":16,"column":15},"end":{"line":16,"column":23}},"8":{"start":{"line":18,"column":0},"end":{"line":80,"column":3}},"9":{"start":{"line":18,"column":54},"end":{"line":80,"column":2}},"10":{"start":{"line":19,"column":2},"end":{"line":24,"column":8}},"11":{"start":{"line":20,"column":4},"end":{"line":24,"column":8}},"12":{"start":{"line":26,"column":2},"end":{"line":31,"column":8}},"13":{"start":{"line":27,"column":4},"end":{"line":31,"column":8}},"14":{"start":{"line":33,"column":2},"end":{"line":38,"column":8}},"15":{"start":{"line":34,"column":4},"end":{"line":38,"column":8}},"16":{"start":{"line":40,"column":13},"end":{"line":58,"column":null}},"17":{"start":{"line":61,"column":19},"end":{"line":63,"column":4}},"18":{"start":{"line":65,"column":38},"end":{"line":65,"column":49}},"19":{"start":{"line":67,"column":2},"end":{"line":70,"column":62}},"20":{"start":{"line":68,"column":4},"end":{"line":70,"column":62}},"21":{"start":{"line":72,"column":2},"end":{"line":77,"column":5}},"22":{"start":{"line":79,"column":2},"end":{"line":79,"column":30}},"23":{"start":{"line":82,"column":0},"end":{"line":122,"column":3}},"24":{"start":{"line":82,"column":62},"end":{"line":122,"column":2}},"25":{"start":{"line":89,"column":2},"end":{"line":89,"column":25}},"26":{"start":{"line":94,"column":2},"end":{"line":107,"column":null}},"27":{"start":{"line":95,"column":4},"end":{"line":95,"column":79}},"28":{"start":{"line":97,"column":4},"end":{"line":102,"column":10}},"29":{"start":{"line":98,"column":6},"end":{"line":102,"column":10}},"30":{"start":{"line":104,"column":4},"end":{"line":106,"column":6}},"31":{"start":{"line":111,"column":2},"end":{"line":121,"column":null}},"32":{"start":{"line":112,"column":4},"end":{"line":116,"column":8}},"33":{"start":{"line":117,"column":9},"end":{"line":121,"column":null}},"34":{"start":{"line":118,"column":4},"end":{"line":118,"column":32}},"35":{"start":{"line":120,"column":4},"end":{"line":120,"column":29}},"36":{"start":{"line":125,"column":0},"end":{"line":141,"column":3}},"37":{"start":{"line":125,"column":55},"end":{"line":141,"column":2}},"38":{"start":{"line":126,"column":16},"end":{"line":126,"column":33}},"39":{"start":{"line":128,"column":2},"end":{"line":128,"column":70}},"40":{"start":{"line":128,"column":13},"end":{"line":128,"column":70}},"41":{"start":{"line":132,"column":20},"end":{"line":132,"column":45}},"42":{"start":{"line":134,"column":2},"end":{"line":134,"column":67}},"43":{"start":{"line":134,"column":13},"end":{"line":134,"column":67}},"44":{"start":{"line":136,"column":18},"end":{"line":136,"column":39}},"45":{"start":{"line":138,"column":17},"end":{"line":138,"column":37}},"46":{"start":{"line":140,"column":2},"end":{"line":140,"column":26}},"47":{"start":{"line":145,"column":0},"end":{"line":203,"column":2}},"48":{"start":{"line":148,"column":40},"end":{"line":202,"column":null}},"49":{"start":{"line":149,"column":18},"end":{"line":149,"column":35}},"50":{"start":{"line":151,"column":4},"end":{"line":151,"column":72}},"51":{"start":{"line":151,"column":15},"end":{"line":151,"column":72}},"52":{"start":{"line":153,"column":4},"end":{"line":153,"column":42}},"53":{"start":{"line":153,"column":22},"end":{"line":153,"column":42}},"54":{"start":{"line":155,"column":22},"end":{"line":155,"column":56}},"55":{"start":{"line":157,"column":4},"end":{"line":157,"column":69}},"56":{"start":{"line":157,"column":15},"end":{"line":157,"column":69}},"57":{"start":{"line":159,"column":4},"end":{"line":159,"column":27}},"58":{"start":{"line":161,"column":4},"end":{"line":201,"column":null}},"59":{"start":{"line":162,"column":40},"end":{"line":164,"column":29}},"60":{"start":{"line":166,"column":6},"end":{"line":171,"column":12}},"61":{"start":{"line":167,"column":8},"end":{"line":171,"column":12}},"62":{"start":{"line":173,"column":21},"end":{"line":175,"column":8}},"63":{"start":{"line":177,"column":6},"end":{"line":177,"column":30}},"64":{"start":{"line":179,"column":42},"end":{"line":181,"column":30}},"65":{"start":{"line":183,"column":6},"end":{"line":200,"column":null}},"66":{"start":{"line":184,"column":8},"end":{"line":187,"column":11}},"67":{"start":{"line":188,"column":13},"end":{"line":200,"column":null}},"68":{"start":{"line":189,"column":8},"end":{"line":193,"column":12}},"69":{"start":{"line":195,"column":23},"end":{"line":197,"column":10}},"70":{"start":{"line":199,"column":8},"end":{"line":199,"column":57}},"71":{"start":{"line":206,"column":0},"end":{"line":252,"column":2}},"72":{"start":{"line":209,"column":40},"end":{"line":251,"column":null}},"73":{"start":{"line":212,"column":4},"end":{"line":212,"column":27}},"74":{"start":{"line":214,"column":4},"end":{"line":250,"column":null}},"75":{"start":{"line":215,"column":40},"end":{"line":217,"column":29}},"76":{"start":{"line":219,"column":6},"end":{"line":224,"column":12}},"77":{"start":{"line":220,"column":8},"end":{"line":224,"column":12}},"78":{"start":{"line":226,"column":21},"end":{"line":226,"column":65}},"79":{"start":{"line":228,"column":6},"end":{"line":228,"column":30}},"80":{"start":{"line":230,"column":42},"end":{"line":232,"column":30}},"81":{"start":{"line":234,"column":6},"end":{"line":249,"column":null}},"82":{"start":{"line":235,"column":8},"end":{"line":238,"column":11}},"83":{"start":{"line":239,"column":13},"end":{"line":249,"column":null}},"84":{"start":{"line":240,"column":8},"end":{"line":244,"column":12}},"85":{"start":{"line":246,"column":23},"end":{"line":246,"column":70}},"86":{"start":{"line":248,"column":8},"end":{"line":248,"column":32}},"87":{"start":{"line":256,"column":2},"end":{"line":259,"column":27}},"88":{"start":{"line":262,"column":13},"end":{"line":262,"column":35}}},"fnMap":{"0":{"name":"(anonymous_8)","decl":{"start":{"line":18,"column":16},"end":{"line":18,"column":23}},"loc":{"start":{"line":18,"column":54},"end":{"line":80,"column":2}}},"1":{"name":"(anonymous_9)","decl":{"start":{"line":18,"column":54},"end":{"line":18,"column":null}},"loc":{"start":{"line":18,"column":54},"end":{"line":80,"column":1}}},"2":{"name":"(anonymous_10)","decl":{"start":{"line":82,"column":24},"end":{"line":82,"column":31}},"loc":{"start":{"line":82,"column":62},"end":{"line":122,"column":2}}},"3":{"name":"(anonymous_11)","decl":{"start":{"line":82,"column":62},"end":{"line":82,"column":null}},"loc":{"start":{"line":82,"column":62},"end":{"line":122,"column":1}}},"4":{"name":"(anonymous_12)","decl":{"start":{"line":125,"column":17},"end":{"line":125,"column":24}},"loc":{"start":{"line":125,"column":55},"end":{"line":141,"column":2}}},"5":{"name":"(anonymous_13)","decl":{"start":{"line":125,"column":55},"end":{"line":125,"column":null}},"loc":{"start":{"line":125,"column":55},"end":{"line":141,"column":1}}},"6":{"name":"(anonymous_14)","decl":{"start":{"line":148,"column":2},"end":{"line":148,"column":9}},"loc":{"start":{"line":148,"column":40},"end":{"line":202,"column":null}}},"7":{"name":"(anonymous_15)","decl":{"start":{"line":148,"column":40},"end":{"line":148,"column":null}},"loc":{"start":{"line":148,"column":40},"end":{"line":202,"column":3}}},"8":{"name":"(anonymous_16)","decl":{"start":{"line":209,"column":2},"end":{"line":209,"column":9}},"loc":{"start":{"line":209,"column":40},"end":{"line":251,"column":null}}},"9":{"name":"(anonymous_17)","decl":{"start":{"line":209,"column":40},"end":{"line":209,"column":null}},"loc":{"start":{"line":209,"column":40},"end":{"line":251,"column":3}}},"10":{"name":"restructureParams","decl":{"start":{"line":254,"column":9},"end":{"line":254,"column":26}},"loc":{"start":{"line":254,"column":39},"end":{"line":260,"column":1}}}},"branchMap":{"0":{"loc":{"start":{"line":19,"column":2},"end":{"line":24,"column":8}},"type":"if","locations":[{"start":{"line":19,"column":2},"end":{"line":24,"column":8}},{"start":{"line":19,"column":2},"end":{"line":24,"column":8}}]},"1":{"loc":{"start":{"line":26,"column":2},"end":{"line":31,"column":8}},"type":"if","locations":[{"start":{"line":26,"column":2},"end":{"line":31,"column":8}},{"start":{"line":26,"column":2},"end":{"line":31,"column":8}}]},"2":{"loc":{"start":{"line":33,"column":2},"end":{"line":38,"column":8}},"type":"if","locations":[{"start":{"line":33,"column":2},"end":{"line":38,"column":8}},{"start":{"line":33,"column":2},"end":{"line":38,"column":8}}]},"3":{"loc":{"start":{"line":41,"column":33},"end":{"line":41,"column":37}},"type":"cond-expr","locations":[{"start":{"line":41,"column":33},"end":{"line":41,"column":37}},{"start":{"line":41,"column":40},"end":{"line":41,"column":45}}]},"4":{"loc":{"start":{"line":41,"column":22},"end":{"line":41,"column":24}},"type":"cond-expr","locations":[{"start":{"line":41,"column":22},"end":{"line":41,"column":24}},{"start":{"line":41,"column":22},"end":{"line":41,"column":30}}]},"5":{"loc":{"start":{"line":41,"column":12},"end":{"line":41,"column":24}},"type":"binary-expr","locations":[{"start":{"line":41,"column":12},"end":{"line":41,"column":24}},{"start":{"line":41,"column":22},"end":{"line":41,"column":24}}]},"6":{"loc":{"start":{"line":41,"column":15},"end":{"line":41,"column":17}},"type":"cond-expr","locations":[{"start":{"line":41,"column":15},"end":{"line":41,"column":17}},{"start":{"line":41,"column":12},"end":{"line":41,"column":22}}]},"7":{"loc":{"start":{"line":41,"column":12},"end":{"line":41,"column":17}},"type":"binary-expr","locations":[{"start":{"line":41,"column":12},"end":{"line":41,"column":17}},{"start":{"line":41,"column":12},"end":{"line":41,"column":17}}]},"8":{"loc":{"start":{"line":46,"column":8},"end":{"line":46,"column":26}},"type":"binary-expr","locations":[{"start":{"line":46,"column":8},"end":{"line":46,"column":26}},{"start":{"line":46,"column":30},"end":{"line":58,"column":6}}]},"9":{"loc":{"start":{"line":46,"column":18},"end":{"line":46,"column":20}},"type":"cond-expr","locations":[{"start":{"line":46,"column":18},"end":{"line":46,"column":20}},{"start":{"line":46,"column":18},"end":{"line":46,"column":26}}]},"10":{"loc":{"start":{"line":46,"column":8},"end":{"line":46,"column":20}},"type":"binary-expr","locations":[{"start":{"line":46,"column":8},"end":{"line":46,"column":20}},{"start":{"line":46,"column":18},"end":{"line":46,"column":20}}]},"11":{"loc":{"start":{"line":46,"column":11},"end":{"line":46,"column":13}},"type":"cond-expr","locations":[{"start":{"line":46,"column":11},"end":{"line":46,"column":13}},{"start":{"line":46,"column":8},"end":{"line":46,"column":18}}]},"12":{"loc":{"start":{"line":46,"column":8},"end":{"line":46,"column":13}},"type":"binary-expr","locations":[{"start":{"line":46,"column":8},"end":{"line":46,"column":13}},{"start":{"line":46,"column":8},"end":{"line":46,"column":13}}]},"13":{"loc":{"start":{"line":67,"column":2},"end":{"line":70,"column":62}},"type":"if","locations":[{"start":{"line":67,"column":2},"end":{"line":70,"column":62}},{"start":{"line":67,"column":2},"end":{"line":70,"column":62}}]},"14":{"loc":{"start":{"line":73,"column":21},"end":{"line":73,"column":23}},"type":"cond-expr","locations":[{"start":{"line":73,"column":21},"end":{"line":73,"column":23}},{"start":{"line":73,"column":17},"end":{"line":73,"column":31}}]},"15":{"loc":{"start":{"line":73,"column":17},"end":{"line":73,"column":23}},"type":"binary-expr","locations":[{"start":{"line":73,"column":17},"end":{"line":73,"column":23}},{"start":{"line":73,"column":17},"end":{"line":73,"column":23}}]},"16":{"loc":{"start":{"line":74,"column":23},"end":{"line":74,"column":25}},"type":"cond-expr","locations":[{"start":{"line":74,"column":23},"end":{"line":74,"column":25}},{"start":{"line":74,"column":19},"end":{"line":74,"column":35}}]},"17":{"loc":{"start":{"line":74,"column":19},"end":{"line":74,"column":25}},"type":"binary-expr","locations":[{"start":{"line":74,"column":19},"end":{"line":74,"column":25}},{"start":{"line":74,"column":19},"end":{"line":74,"column":25}}]},"18":{"loc":{"start":{"line":75,"column":23},"end":{"line":75,"column":25}},"type":"cond-expr","locations":[{"start":{"line":75,"column":23},"end":{"line":75,"column":25}},{"start":{"line":75,"column":19},"end":{"line":75,"column":30}}]},"19":{"loc":{"start":{"line":75,"column":19},"end":{"line":75,"column":25}},"type":"binary-expr","locations":[{"start":{"line":75,"column":19},"end":{"line":75,"column":25}},{"start":{"line":75,"column":19},"end":{"line":75,"column":25}}]},"20":{"loc":{"start":{"line":76,"column":25},"end":{"line":76,"column":27}},"type":"cond-expr","locations":[{"start":{"line":76,"column":25},"end":{"line":76,"column":27}},{"start":{"line":76,"column":21},"end":{"line":76,"column":34}}]},"21":{"loc":{"start":{"line":76,"column":21},"end":{"line":76,"column":27}},"type":"binary-expr","locations":[{"start":{"line":76,"column":21},"end":{"line":76,"column":27}},{"start":{"line":76,"column":21},"end":{"line":76,"column":27}}]},"22":{"loc":{"start":{"line":79,"column":22},"end":{"line":79,"column":24}},"type":"cond-expr","locations":[{"start":{"line":79,"column":22},"end":{"line":79,"column":24}},{"start":{"line":79,"column":18},"end":{"line":79,"column":28}}]},"23":{"loc":{"start":{"line":79,"column":18},"end":{"line":79,"column":24}},"type":"binary-expr","locations":[{"start":{"line":79,"column":18},"end":{"line":79,"column":24}},{"start":{"line":79,"column":18},"end":{"line":79,"column":24}}]},"24":{"loc":{"start":{"line":94,"column":2},"end":{"line":107,"column":null}},"type":"if","locations":[{"start":{"line":94,"column":2},"end":{"line":107,"column":null}},{"start":{"line":94,"column":2},"end":{"line":107,"column":null}}]},"25":{"loc":{"start":{"line":97,"column":4},"end":{"line":102,"column":10}},"type":"if","locations":[{"start":{"line":97,"column":4},"end":{"line":102,"column":10}},{"start":{"line":97,"column":4},"end":{"line":102,"column":10}}]},"26":{"loc":{"start":{"line":111,"column":2},"end":{"line":121,"column":null}},"type":"if","locations":[{"start":{"line":111,"column":2},"end":{"line":121,"column":null}},{"start":{"line":111,"column":2},"end":{"line":121,"column":null}}]},"27":{"loc":{"start":{"line":111,"column":6},"end":{"line":111,"column":28}},"type":"binary-expr","locations":[{"start":{"line":111,"column":6},"end":{"line":111,"column":28}},{"start":{"line":111,"column":32},"end":{"line":111,"column":52}}]},"28":{"loc":{"start":{"line":117,"column":9},"end":{"line":121,"column":null}},"type":"if","locations":[{"start":{"line":117,"column":9},"end":{"line":121,"column":null}},{"start":{"line":117,"column":9},"end":{"line":121,"column":null}}]},"29":{"loc":{"start":{"line":117,"column":13},"end":{"line":117,"column":35}},"type":"binary-expr","locations":[{"start":{"line":117,"column":13},"end":{"line":117,"column":35}},{"start":{"line":117,"column":39},"end":{"line":117,"column":59}}]},"30":{"loc":{"start":{"line":128,"column":2},"end":{"line":128,"column":70}},"type":"if","locations":[{"start":{"line":128,"column":2},"end":{"line":128,"column":70}},{"start":{"line":128,"column":2},"end":{"line":128,"column":70}}]},"31":{"loc":{"start":{"line":134,"column":2},"end":{"line":134,"column":67}},"type":"if","locations":[{"start":{"line":134,"column":2},"end":{"line":134,"column":67}},{"start":{"line":134,"column":2},"end":{"line":134,"column":67}}]},"32":{"loc":{"start":{"line":151,"column":4},"end":{"line":151,"column":72}},"type":"if","locations":[{"start":{"line":151,"column":4},"end":{"line":151,"column":72}},{"start":{"line":151,"column":4},"end":{"line":151,"column":72}}]},"33":{"loc":{"start":{"line":153,"column":4},"end":{"line":153,"column":42}},"type":"if","locations":[{"start":{"line":153,"column":4},"end":{"line":153,"column":42}},{"start":{"line":153,"column":4},"end":{"line":153,"column":42}}]},"34":{"loc":{"start":{"line":157,"column":4},"end":{"line":157,"column":69}},"type":"if","locations":[{"start":{"line":157,"column":4},"end":{"line":157,"column":69}},{"start":{"line":157,"column":4},"end":{"line":157,"column":69}}]},"35":{"loc":{"start":{"line":161,"column":4},"end":{"line":201,"column":null}},"type":"if","locations":[{"start":{"line":161,"column":4},"end":{"line":201,"column":null}},{"start":{"line":161,"column":4},"end":{"line":201,"column":null}}]},"36":{"loc":{"start":{"line":166,"column":6},"end":{"line":171,"column":12}},"type":"if","locations":[{"start":{"line":166,"column":6},"end":{"line":171,"column":12}},{"start":{"line":166,"column":6},"end":{"line":171,"column":12}}]},"37":{"loc":{"start":{"line":183,"column":6},"end":{"line":200,"column":null}},"type":"if","locations":[{"start":{"line":183,"column":6},"end":{"line":200,"column":null}},{"start":{"line":183,"column":6},"end":{"line":200,"column":null}}]},"38":{"loc":{"start":{"line":188,"column":13},"end":{"line":200,"column":null}},"type":"if","locations":[{"start":{"line":188,"column":13},"end":{"line":200,"column":null}},{"start":{"line":188,"column":13},"end":{"line":200,"column":null}}]},"39":{"loc":{"start":{"line":214,"column":4},"end":{"line":250,"column":null}},"type":"if","locations":[{"start":{"line":214,"column":4},"end":{"line":250,"column":null}},{"start":{"line":214,"column":4},"end":{"line":250,"column":null}}]},"40":{"loc":{"start":{"line":219,"column":6},"end":{"line":224,"column":12}},"type":"if","locations":[{"start":{"line":219,"column":6},"end":{"line":224,"column":12}},{"start":{"line":219,"column":6},"end":{"line":224,"column":12}}]},"41":{"loc":{"start":{"line":234,"column":6},"end":{"line":249,"column":null}},"type":"if","locations":[{"start":{"line":234,"column":6},"end":{"line":249,"column":null}},{"start":{"line":234,"column":6},"end":{"line":249,"column":null}}]},"42":{"loc":{"start":{"line":239,"column":13},"end":{"line":249,"column":null}},"type":"if","locations":[{"start":{"line":239,"column":13},"end":{"line":249,"column":null}},{"start":{"line":239,"column":13},"end":{"line":249,"column":null}}]},"43":{"loc":{"start":{"line":258,"column":8},"end":{"line":258,"column":37}},"type":"cond-expr","locations":[{"start":{"line":258,"column":8},"end":{"line":258,"column":37}},{"start":{"line":259,"column":8},"end":{"line":259,"column":26}}]}},"s":{"0":1,"1":1,"2":1,"3":1,"4":1,"5":1,"6":1,"7":1,"8":1,"9":4,"10":4,"11":1,"12":3,"13":1,"14":2,"15":1,"16":1,"17":1,"18":1,"19":1,"20":0,"21":1,"22":1,"23":1,"24":3,"25":3,"26":3,"27":1,"28":1,"29":1,"30":2,"31":2,"32":1,"33":1,"34":1,"35":0,"36":1,"37":3,"38":3,"39":3,"40":1,"41":2,"42":2,"43":1,"44":1,"45":1,"46":1,"47":1,"48":4,"49":4,"50":4,"51":1,"52":3,"53":0,"54":3,"55":3,"56":0,"57":3,"58":3,"59":1,"60":1,"61":1,"62":0,"63":0,"64":2,"65":2,"66":1,"67":1,"68":0,"69":1,"70":1,"71":1,"72":4,"73":4,"74":4,"75":1,"76":1,"77":1,"78":0,"79":0,"80":3,"81":3,"82":1,"83":2,"84":1,"85":1,"86":1,"87":10,"88":1},"f":{"0":4,"1":4,"2":3,"3":3,"4":3,"5":3,"6":4,"7":4,"8":4,"9":4,"10":10},"b":{"0":[1,3],"1":[1,2],"2":[1,1],"3":[1,0],"4":[0,1],"5":[1,1],"6":[0,1],"7":[1,1],"8":[1,1],"9":[0,1],"10":[1,1],"11":[0,1],"12":[1,1],"13":[0,1],"14":[0,1],"15":[1,1],"16":[0,1],"17":[1,1],"18":[0,1],"19":[1,1],"20":[0,1],"21":[1,1],"22":[0,1],"23":[1,1],"24":[1,2],"25":[1,0],"26":[1,1],"27":[2,2],"28":[1,0],"29":[1,1],"30":[1,2],"31":[1,1],"32":[1,3],"33":[0,3],"34":[0,3],"35":[1,2],"36":[1,0],"37":[1,1],"38":[0,1],"39":[1,3],"40":[1,0],"41":[1,2],"42":[1,1],"43":[10,0]}}
,"/Users/will/Documents/Projects/G2i-Node-JS-Test/src/routes/random-route.ts": {"path":"/Users/will/Documents/Projects/G2i-Node-JS-Test/src/routes/random-route.ts","statementMap":{"0":{"start":{"line":1,"column":0},"end":{"line":1,"column":50}},"1":{"start":{"line":2,"column":0},"end":{"line":2,"column":52}},"2":{"start":{"line":3,"column":15},"end":{"line":3,"column":23}},"3":{"start":{"line":5,"column":0},"end":{"line":11,"column":3}},"4":{"start":{"line":5,"column":60},"end":{"line":11,"column":2}},"5":{"start":{"line":6,"column":24},"end":{"line":8,"column":4}},"6":{"start":{"line":10,"column":2},"end":{"line":10,"column":33}},"7":{"start":{"line":13,"column":13},"end":{"line":13,"column":34}}},"fnMap":{"0":{"name":"(anonymous_7)","decl":{"start":{"line":5,"column":22},"end":{"line":5,"column":29}},"loc":{"start":{"line":5,"column":60},"end":{"line":11,"column":2}}},"1":{"name":"(anonymous_8)","decl":{"start":{"line":5,"column":60},"end":{"line":5,"column":null}},"loc":{"start":{"line":5,"column":60},"end":{"line":11,"column":1}}}},"branchMap":{},"s":{"0":1,"1":1,"2":1,"3":1,"4":1,"5":1,"6":1,"7":1},"f":{"0":1,"1":1},"b":{}}
,"/Users/will/Documents/Projects/G2i-Node-JS-Test/src/startup/config.ts": {"path":"/Users/will/Documents/Projects/G2i-Node-JS-Test/src/startup/config.ts","statementMap":{"0":{"start":{"line":1,"column":0},"end":{"line":1,"column":28}},"1":{"start":{"line":4,"column":2},"end":{"line":6,"column":null}},"2":{"start":{"line":5,"column":4},"end":{"line":5,"column":55}},"3":{"start":{"line":8,"column":2},"end":{"line":10,"column":null}},"4":{"start":{"line":9,"column":4},"end":{"line":9,"column":61}},"5":{"start":{"line":3,"column":0},"end":{"line":3,"column":16}}},"fnMap":{"0":{"name":"initConfig","decl":{"start":{"line":3,"column":16},"end":{"line":3,"column":26}},"loc":{"start":{"line":3,"column":26},"end":{"line":11,"column":1}}}},"branchMap":{"0":{"loc":{"start":{"line":4,"column":2},"end":{"line":6,"column":null}},"type":"if","locations":[{"start":{"line":4,"column":2},"end":{"line":6,"column":null}},{"start":{"line":4,"column":2},"end":{"line":6,"column":null}}]},"1":{"loc":{"start":{"line":8,"column":2},"end":{"line":10,"column":null}},"type":"if","locations":[{"start":{"line":8,"column":2},"end":{"line":10,"column":null}},{"start":{"line":8,"column":2},"end":{"line":10,"column":null}}]}},"s":{"0":1,"1":1,"2":0,"3":1,"4":0,"5":1},"f":{"0":1},"b":{"0":[0,1],"1":[0,1]}}
,"/Users/will/Documents/Projects/G2i-Node-JS-Test/src/startup/db.ts": {"path":"/Users/will/Documents/Projects/G2i-Node-JS-Test/src/startup/db.ts","statementMap":{"0":{"start":{"line":2,"column":0},"end":{"line":2,"column":28}},"1":{"start":{"line":3,"column":0},"end":{"line":3,"column":32}},"2":{"start":{"line":4,"column":0},"end":{"line":4,"column":30}},"3":{"start":{"line":6,"column":13},"end":{"line":34,"column":2}},"4":{"start":{"line":7,"column":34},"end":{"line":29,"column":null}},"5":{"start":{"line":8,"column":23},"end":{"line":8,"column":39}},"6":{"start":{"line":9,"column":4},"end":{"line":9,"column":31}},"7":{"start":{"line":10,"column":4},"end":{"line":28,"column":null}},"8":{"start":{"line":11,"column":24},"end":{"line":17,"column":8}},"9":{"start":{"line":19,"column":6},"end":{"line":23,"column":null}},"10":{"start":{"line":20,"column":8},"end":{"line":20,"column":42}},"11":{"start":{"line":22,"column":8},"end":{"line":22,"column":24}},"12":{"start":{"line":25,"column":6},"end":{"line":25,"column":48}},"13":{"start":{"line":26,"column":6},"end":{"line":26,"column":22}},"14":{"start":{"line":27,"column":6},"end":{"line":27,"column":22}},"15":{"start":{"line":31,"column":25},"end":{"line":33,"column":null}},"16":{"start":{"line":32,"column":4},"end":{"line":32,"column":42}}},"fnMap":{"0":{"name":"(anonymous_8)","decl":{"start":{"line":7,"column":11},"end":{"line":7,"column":18}},"loc":{"start":{"line":7,"column":34},"end":{"line":29,"column":null}}},"1":{"name":"(anonymous_9)","decl":{"start":{"line":7,"column":34},"end":{"line":7,"column":null}},"loc":{"start":{"line":7,"column":34},"end":{"line":29,"column":3}}},"2":{"name":"(anonymous_10)","decl":{"start":{"line":31,"column":14},"end":{"line":31,"column":23}},"loc":{"start":{"line":31,"column":25},"end":{"line":33,"column":null}}},"3":{"name":"(anonymous_11)","decl":{"start":{"line":31,"column":25},"end":{"line":31,"column":null}},"loc":{"start":{"line":31,"column":25},"end":{"line":33,"column":3}}}},"branchMap":{"0":{"loc":{"start":{"line":19,"column":6},"end":{"line":23,"column":null}},"type":"if","locations":[{"start":{"line":19,"column":6},"end":{"line":23,"column":null}},{"start":{"line":19,"column":6},"end":{"line":23,"column":null}}]}},"s":{"0":1,"1":1,"2":1,"3":1,"4":2,"5":2,"6":2,"7":2,"8":2,"9":2,"10":2,"11":2,"12":0,"13":0,"14":0,"15":1,"16":1},"f":{"0":2,"1":2,"2":1,"3":1},"b":{"0":[2,0]}}
,"/Users/will/Documents/Projects/G2i-Node-JS-Test/src/startup/init.ts": {"path":"/Users/will/Documents/Projects/G2i-Node-JS-Test/src/startup/init.ts","statementMap":{"0":{"start":{"line":2,"column":0},"end":{"line":2,"column":28}},"1":{"start":{"line":3,"column":0},"end":{"line":3,"column":38}},"2":{"start":{"line":4,"column":0},"end":{"line":4,"column":22}},"3":{"start":{"line":5,"column":0},"end":{"line":5,"column":24}},"4":{"start":{"line":6,"column":0},"end":{"line":6,"column":34}},"5":{"start":{"line":7,"column":0},"end":{"line":7,"column":44}},"6":{"start":{"line":8,"column":0},"end":{"line":8,"column":70}},"7":{"start":{"line":11,"column":0},"end":{"line":11,"column":36}},"8":{"start":{"line":15,"column":2},"end":{"line":24,"column":4}},"9":{"start":{"line":25,"column":2},"end":{"line":25,"column":20}},"10":{"start":{"line":26,"column":2},"end":{"line":26,"column":25}},"11":{"start":{"line":28,"column":2},"end":{"line":28,"column":21}},"12":{"start":{"line":30,"column":2},"end":{"line":30,"column":16}},"13":{"start":{"line":31,"column":2},"end":{"line":31,"column":11}},"14":{"start":{"line":32,"column":2},"end":{"line":32,"column":14}},"15":{"start":{"line":34,"column":2},"end":{"line":36,"column":5}},"16":{"start":{"line":35,"column":4},"end":{"line":35,"column":67}},"17":{"start":{"line":14,"column":0},"end":{"line":14,"column":22}}},"fnMap":{"0":{"name":"init","decl":{"start":{"line":14,"column":22},"end":{"line":14,"column":26}},"loc":{"start":{"line":14,"column":39},"end":{"line":37,"column":null}}},"1":{"name":"(anonymous_10)","decl":{"start":{"line":34,"column":15},"end":{"line":34,"column":25}},"loc":{"start":{"line":34,"column":41},"end":{"line":36,"column":3}}}},"branchMap":{},"s":{"0":1,"1":1,"2":1,"3":1,"4":1,"5":1,"6":1,"7":1,"8":2,"9":2,"10":2,"11":2,"12":2,"13":2,"14":2,"15":2,"16":0,"17":1},"f":{"0":2,"1":0},"b":{}}
,"/Users/will/Documents/Projects/G2i-Node-JS-Test/src/startup/logging.ts": {"path":"/Users/will/Documents/Projects/G2i-Node-JS-Test/src/startup/logging.ts","statementMap":{"0":{"start":{"line":1,"column":0},"end":{"line":1,"column":28}},"1":{"start":{"line":2,"column":0},"end":{"line":2,"column":30}},"2":{"start":{"line":3,"column":0},"end":{"line":3,"column":25}},"3":{"start":{"line":5,"column":22},"end":{"line":28,"column":1}},"4":{"start":{"line":6,"column":2},"end":{"line":11,"column":4}},"5":{"start":{"line":13,"column":2},"end":{"line":19,"column":5}},"6":{"start":{"line":14,"column":4},"end":{"line":18,"column":null}},"7":{"start":{"line":15,"column":6},"end":{"line":15,"column":24}},"8":{"start":{"line":17,"column":6},"end":{"line":17,"column":15}},"9":{"start":{"line":21,"column":2},"end":{"line":27,"column":5}},"10":{"start":{"line":22,"column":4},"end":{"line":26,"column":null}},"11":{"start":{"line":23,"column":6},"end":{"line":23,"column":24}},"12":{"start":{"line":25,"column":6},"end":{"line":25,"column":15}},"13":{"start":{"line":5,"column":13},"end":{"line":5,"column":22}}},"fnMap":{"0":{"name":"(anonymous_1)","decl":{"start":{"line":5,"column":22},"end":{"line":5,"column":25}},"loc":{"start":{"line":5,"column":27},"end":{"line":28,"column":1}}},"1":{"name":"(anonymous_2)","decl":{"start":{"line":13,"column":34},"end":{"line":13,"column":35}},"loc":{"start":{"line":13,"column":41},"end":{"line":19,"column":3}}},"2":{"name":"(anonymous_3)","decl":{"start":{"line":21,"column":35},"end":{"line":21,"column":36}},"loc":{"start":{"line":21,"column":42},"end":{"line":27,"column":3}}}},"branchMap":{"0":{"loc":{"start":{"line":14,"column":4},"end":{"line":18,"column":null}},"type":"if","locations":[{"start":{"line":14,"column":4},"end":{"line":18,"column":null}},{"start":{"line":14,"column":4},"end":{"line":18,"column":null}}]},"1":{"loc":{"start":{"line":22,"column":4},"end":{"line":26,"column":null}},"type":"if","locations":[{"start":{"line":22,"column":4},"end":{"line":26,"column":null}},{"start":{"line":22,"column":4},"end":{"line":26,"column":null}}]}},"s":{"0":1,"1":1,"2":1,"3":1,"4":2,"5":2,"6":0,"7":0,"8":0,"9":2,"10":0,"11":0,"12":0,"13":1},"f":{"0":2,"1":0,"2":0},"b":{"0":[0,0],"1":[0,0]}}
,"/Users/will/Documents/Projects/G2i-Node-JS-Test/src/startup/routes.ts": {"path":"/Users/will/Documents/Projects/G2i-Node-JS-Test/src/startup/routes.ts","statementMap":{"0":{"start":{"line":1,"column":0},"end":{"line":1,"column":67}},"1":{"start":{"line":3,"column":0},"end":{"line":3,"column":55}},"2":{"start":{"line":4,"column":0},"end":{"line":4,"column":53}},"3":{"start":{"line":5,"column":0},"end":{"line":5,"column":69}},"4":{"start":{"line":7,"column":22},"end":{"line":14,"column":2}},"5":{"start":{"line":7,"column":45},"end":{"line":14,"column":2}},"6":{"start":{"line":8,"column":2},"end":{"line":8,"column":29}},"7":{"start":{"line":10,"column":2},"end":{"line":10,"column":36}},"8":{"start":{"line":11,"column":2},"end":{"line":11,"column":34}},"9":{"start":{"line":13,"column":2},"end":{"line":13,"column":27}},"10":{"start":{"line":7,"column":13},"end":{"line":7,"column":22}}},"fnMap":{"0":{"name":"(anonymous_7)","decl":{"start":{"line":7,"column":22},"end":{"line":7,"column":29}},"loc":{"start":{"line":7,"column":45},"end":{"line":14,"column":2}}},"1":{"name":"(anonymous_8)","decl":{"start":{"line":7,"column":45},"end":{"line":7,"column":null}},"loc":{"start":{"line":7,"column":45},"end":{"line":14,"column":1}}}},"branchMap":{},"s":{"0":1,"1":1,"2":1,"3":1,"4":1,"5":2,"6":2,"7":2,"8":2,"9":2,"10":1},"f":{"0":2,"1":2},"b":{}}
,"/Users/will/Documents/Projects/G2i-Node-JS-Test/src/test/mock/db-mock.ts": {"path":"/Users/will/Documents/Projects/G2i-Node-JS-Test/src/test/mock/db-mock.ts","statementMap":{"0":{"start":{"line":4,"column":13},"end":{"line":4647,"column":2}}},"fnMap":{},"branchMap":{},"s":{"0":1},"f":{},"b":{}}
,"/Users/will/Documents/Projects/G2i-Node-JS-Test/src/utils/functions/empty-object-function.ts": {"path":"/Users/will/Documents/Projects/G2i-Node-JS-Test/src/utils/functions/empty-object-function.ts","statementMap":{"0":{"start":{"line":4,"column":2},"end":{"line":4,"column":72}},"1":{"start":{"line":3,"column":0},"end":{"line":3,"column":16}}},"fnMap":{"0":{"name":"isEmpty","decl":{"start":{"line":3,"column":16},"end":{"line":3,"column":23}},"loc":{"start":{"line":3,"column":35},"end":{"line":5,"column":1}}}},"branchMap":{"0":{"loc":{"start":{"line":4,"column":9},"end":{"line":4,"column":41}},"type":"binary-expr","locations":[{"start":{"line":4,"column":9},"end":{"line":4,"column":41}},{"start":{"line":4,"column":45},"end":{"line":4,"column":71}}]}},"s":{"0":7,"1":1},"f":{"0":7},"b":{"0":[7,2]}}
,"/Users/will/Documents/Projects/G2i-Node-JS-Test/src/utils/functions/populate-db-functions.ts": {"path":"/Users/will/Documents/Projects/G2i-Node-JS-Test/src/utils/functions/populate-db-functions.ts","statementMap":{"0":{"start":{"line":1,"column":0},"end":{"line":1,"column":53}},"1":{"start":{"line":2,"column":0},"end":{"line":2,"column":49}},"2":{"start":{"line":4,"column":26},"end":{"line":20,"column":2}},"3":{"start":{"line":4,"column":37},"end":{"line":20,"column":2}},"4":{"start":{"line":5,"column":19},"end":{"line":5,"column":48}},"5":{"start":{"line":7,"column":2},"end":{"line":19,"column":null}},"6":{"start":{"line":8,"column":4},"end":{"line":18,"column":null}},"7":{"start":{"line":8,"column":26},"end":{"line":8,"column":null}},"8":{"start":{"line":8,"column":22},"end":{"line":8,"column":26}},"9":{"start":{"line":9,"column":22},"end":{"line":9,"column":75}},"10":{"start":{"line":10,"column":6},"end":{"line":17,"column":null}},"11":{"start":{"line":11,"column":25},"end":{"line":14,"column":10}},"12":{"start":{"line":16,"column":8},"end":{"line":16,"column":30}},"13":{"start":{"line":4,"column":13},"end":{"line":4,"column":26}}},"fnMap":{"0":{"name":"(anonymous_14)","decl":{"start":{"line":4,"column":26},"end":{"line":4,"column":35}},"loc":{"start":{"line":4,"column":37},"end":{"line":20,"column":2}}},"1":{"name":"(anonymous_15)","decl":{"start":{"line":4,"column":37},"end":{"line":4,"column":null}},"loc":{"start":{"line":4,"column":37},"end":{"line":20,"column":1}}}},"branchMap":{"0":{"loc":{"start":{"line":7,"column":2},"end":{"line":19,"column":null}},"type":"if","locations":[{"start":{"line":7,"column":2},"end":{"line":19,"column":null}},{"start":{"line":7,"column":2},"end":{"line":19,"column":null}}]},"1":{"loc":{"start":{"line":10,"column":6},"end":{"line":17,"column":null}},"type":"if","locations":[{"start":{"line":10,"column":6},"end":{"line":17,"column":null}},{"start":{"line":10,"column":6},"end":{"line":17,"column":null}}]}},"s":{"0":1,"1":1,"2":1,"3":4,"4":4,"5":4,"6":1,"7":1,"8":1542,"9":1542,"10":1542,"11":1443,"12":1443,"13":1},"f":{"0":4,"1":4},"b":{"0":[1,3],"1":[1443,99]}}
,"/Users/will/Documents/Projects/G2i-Node-JS-Test/src/utils/functions/select-functions.ts": {"path":"/Users/will/Documents/Projects/G2i-Node-JS-Test/src/utils/functions/select-functions.ts","statementMap":{"0":{"start":{"line":1,"column":13},"end":{"line":1,"column":74}}},"fnMap":{},"branchMap":{},"s":{"0":1},"f":{},"b":{}}
}
