TN:
SF:src/index.ts
FN:13,(anonymous_8)
FN:13,(anonymous_9)
FN:17,(anonymous_10)
FNF:3
FNH:3
FNDA:1,(anonymous_8)
FNDA:1,(anonymous_9)
FNDA:1,(anonymous_10)
DA:1,1
DA:2,1
DA:3,1
DA:4,1
DA:6,1
DA:10,1
DA:12,1
DA:13,1
DA:15,1
DA:17,1
DA:18,1
LF:11
LH:11
BRDA:15,0,0,1
BRDA:15,0,1,1
BRF:2
BRH:2
end_of_record
TN:
SF:src/middleware/error-middleware.ts
FN:4,(anonymous_1)
FNF:1
FNH:0
FNDA:0,(anonymous_1)
DA:2,1
DA:4,1
DA:10,0
DA:11,0
DA:13,0
DA:15,0
DA:16,0
DA:19,0
DA:22,0
LF:9
LH:2
BRDA:10,0,0,0
BRDA:10,0,1,0
BRDA:15,1,0,0
BRDA:15,1,1,0
BRF:4
BRH:0
end_of_record
TN:
SF:src/middleware/reroute-middleware.ts
FN:4,(anonymous_0)
FNF:1
FNH:1
FNDA:19,(anonymous_0)
DA:4,1
DA:20,19
DA:22,19
DA:26,16
DA:28,16
DA:29,12
DA:31,12
DA:33,12
DA:34,12
DA:35,12
DA:36,12
DA:37,12
DA:38,12
DA:39,12
DA:40,12
DA:44,19
DA:46,19
LF:17
LH:17
BRDA:22,0,0,16
BRDA:22,0,1,3
BRDA:23,1,0,19
BRDA:23,1,1,19
BRDA:23,1,2,12
BRDA:23,1,3,8
BRDA:28,2,0,12
BRDA:28,2,1,4
BRDA:28,3,0,16
BRDA:28,3,1,16
BRDA:29,4,0,0
BRDA:29,4,1,12
BRDA:31,5,0,0
BRDA:31,5,1,12
BRF:14
BRH:12
end_of_record
TN:
SF:src/middleware/guard/auth-guard-middleware.ts
FN:3,(anonymous_0)
FNF:1
FNH:1
FNDA:9,(anonymous_0)
DA:3,1
DA:8,9
DA:9,9
LF:3
LH:3
BRDA:10,0,0,8
BRDA:10,0,1,1
BRF:2
BRH:2
end_of_record
TN:
SF:src/models/acronym-model.ts
FN:26,validateAcronym
FN:35,validateAcronymForUpdate
FNF:2
FNH:2
FNDA:2,validateAcronym
FNDA:3,validateAcronymForUpdate
DA:1,1
DA:2,1
DA:8,1
DA:24,1
DA:26,1
DA:27,2
DA:32,2
DA:35,1
DA:38,3
DA:43,3
LF:10
LH:10
BRF:0
BRH:0
end_of_record
TN:
SF:src/routes/acronym-route.ts
FN:18,(anonymous_8)
FN:18,(anonymous_9)
FN:75,(anonymous_10)
FN:75,(anonymous_11)
FN:118,(anonymous_12)
FN:118,(anonymous_13)
FN:141,(anonymous_14)
FN:141,(anonymous_15)
FN:202,(anonymous_16)
FN:202,(anonymous_17)
FN:247,restructureParams
FNF:11
FNH:11
FNDA:4,(anonymous_8)
FNDA:4,(anonymous_9)
FNDA:3,(anonymous_10)
FNDA:3,(anonymous_11)
FNDA:3,(anonymous_12)
FNDA:3,(anonymous_13)
FNDA:4,(anonymous_14)
FNDA:4,(anonymous_15)
FNDA:4,(anonymous_16)
FNDA:4,(anonymous_17)
FNDA:10,restructureParams
DA:1,1
DA:6,1
DA:7,1
DA:10,1
DA:11,1
DA:12,1
DA:13,1
DA:16,1
DA:18,4
DA:19,4
DA:20,1
DA:26,3
DA:27,1
DA:33,2
DA:34,1
DA:40,1
DA:61,1
DA:65,1
DA:67,1
DA:68,0
DA:72,1
DA:75,3
DA:82,3
DA:87,3
DA:88,1
DA:90,1
DA:91,1
DA:97,2
DA:104,2
DA:105,1
DA:110,1
DA:111,1
DA:113,0
DA:118,3
DA:119,3
DA:121,3
DA:125,2
DA:127,2
DA:129,1
DA:131,1
DA:133,1
DA:138,1
DA:141,4
DA:142,4
DA:144,4
DA:146,3
DA:148,3
DA:150,3
DA:152,3
DA:154,3
DA:155,1
DA:159,1
DA:160,1
DA:166,0
DA:170,0
DA:172,2
DA:176,2
DA:177,1
DA:181,1
DA:182,0
DA:188,1
DA:192,1
DA:199,1
DA:202,4
DA:205,4
DA:207,4
DA:208,1
DA:212,1
DA:213,1
DA:219,0
DA:221,0
DA:223,3
DA:227,3
DA:228,1
DA:232,2
DA:233,1
DA:239,1
DA:241,1
DA:249,10
DA:255,1
LF:80
LH:73
BRDA:19,0,0,1
BRDA:19,0,1,3
BRDA:26,1,0,1
BRDA:26,1,1,2
BRDA:33,2,0,1
BRDA:33,2,1,1
BRDA:41,3,0,1
BRDA:41,3,1,0
BRDA:41,4,0,0
BRDA:41,4,1,1
BRDA:41,5,0,1
BRDA:41,5,1,1
BRDA:41,6,0,0
BRDA:41,6,1,1
BRDA:41,7,0,1
BRDA:41,7,1,1
BRDA:46,8,0,1
BRDA:46,8,1,1
BRDA:46,9,0,0
BRDA:46,9,1,1
BRDA:46,10,0,1
BRDA:46,10,1,1
BRDA:46,11,0,0
BRDA:46,11,1,1
BRDA:46,12,0,1
BRDA:46,12,1,1
BRDA:67,13,0,0
BRDA:67,13,1,1
BRDA:87,14,0,1
BRDA:87,14,1,2
BRDA:90,15,0,1
BRDA:90,15,1,0
BRDA:104,16,0,1
BRDA:104,16,1,1
BRDA:104,17,0,2
BRDA:104,17,1,2
BRDA:110,18,0,1
BRDA:110,18,1,0
BRDA:110,19,0,1
BRDA:110,19,1,1
BRDA:121,20,0,1
BRDA:121,20,1,2
BRDA:127,21,0,1
BRDA:127,21,1,1
BRDA:144,22,0,1
BRDA:144,22,1,3
BRDA:146,23,0,0
BRDA:146,23,1,3
BRDA:150,24,0,0
BRDA:150,24,1,3
BRDA:154,25,0,1
BRDA:154,25,1,2
BRDA:159,26,0,1
BRDA:159,26,1,0
BRDA:176,27,0,1
BRDA:176,27,1,1
BRDA:181,28,0,0
BRDA:181,28,1,1
BRDA:207,29,0,1
BRDA:207,29,1,3
BRDA:212,30,0,1
BRDA:212,30,1,0
BRDA:227,31,0,1
BRDA:227,31,1,2
BRDA:232,32,0,1
BRDA:232,32,1,1
BRDA:251,33,0,10
BRDA:251,33,1,0
BRF:68
BRH:54
end_of_record
TN:
SF:src/routes/random-route.ts
FN:5,(anonymous_7)
FN:5,(anonymous_8)
FNF:2
FNH:0
FNDA:0,(anonymous_7)
FNDA:0,(anonymous_8)
DA:1,1
DA:2,1
DA:3,1
DA:5,1
DA:6,0
DA:10,0
DA:13,1
LF:7
LH:5
BRF:0
BRH:0
end_of_record
TN:
SF:src/startup/config.ts
FN:3,initConfig
FNF:1
FNH:1
FNDA:1,initConfig
DA:1,1
DA:3,1
DA:4,1
DA:5,0
DA:8,1
DA:9,0
LF:6
LH:4
BRDA:4,0,0,0
BRDA:4,0,1,1
BRDA:8,1,0,0
BRDA:8,1,1,1
BRF:4
BRH:2
end_of_record
TN:
SF:src/startup/db.ts
FN:7,(anonymous_8)
FN:7,(anonymous_9)
FN:31,(anonymous_10)
FN:31,(anonymous_11)
FNF:4
FNH:4
FNDA:2,(anonymous_8)
FNDA:2,(anonymous_9)
FNDA:1,(anonymous_10)
FNDA:1,(anonymous_11)
DA:2,1
DA:3,1
DA:4,1
DA:6,1
DA:7,2
DA:8,2
DA:9,2
DA:10,2
DA:11,2
DA:19,2
DA:20,2
DA:22,2
DA:25,0
DA:26,0
DA:27,0
DA:31,1
DA:32,1
LF:17
LH:14
BRDA:19,0,0,2
BRDA:19,0,1,0
BRF:2
BRH:1
end_of_record
TN:
SF:src/startup/init.ts
FN:14,init
FN:25,(anonymous_10)
FNF:2
FNH:1
FNDA:2,init
FNDA:0,(anonymous_10)
DA:2,1
DA:3,1
DA:4,1
DA:5,1
DA:6,1
DA:7,1
DA:8,1
DA:11,1
DA:14,1
DA:15,2
DA:16,2
DA:17,2
DA:19,2
DA:21,2
DA:22,2
DA:23,2
DA:25,2
DA:26,0
LF:18
LH:17
BRF:0
BRH:0
end_of_record
TN:
SF:src/startup/logging.ts
FN:5,(anonymous_1)
FN:13,(anonymous_2)
FN:21,(anonymous_3)
FNF:3
FNH:1
FNDA:2,(anonymous_1)
FNDA:0,(anonymous_2)
FNDA:0,(anonymous_3)
DA:1,1
DA:2,1
DA:3,1
DA:5,1
DA:6,2
DA:13,2
DA:14,0
DA:15,0
DA:17,0
DA:21,2
DA:22,0
DA:23,0
DA:25,0
LF:13
LH:7
BRDA:14,0,0,0
BRDA:14,0,1,0
BRDA:22,1,0,0
BRDA:22,1,1,0
BRF:4
BRH:0
end_of_record
TN:
SF:src/startup/routes.ts
FN:7,(anonymous_7)
FN:7,(anonymous_8)
FNF:2
FNH:2
FNDA:2,(anonymous_7)
FNDA:2,(anonymous_8)
DA:1,1
DA:3,1
DA:4,1
DA:5,1
DA:7,2
DA:8,2
DA:10,2
DA:11,2
DA:13,2
LF:9
LH:9
BRF:0
BRH:0
end_of_record
TN:
SF:src/test/mock/db-mock.ts
FNF:0
FNH:0
DA:4,1
LF:1
LH:1
BRF:0
BRH:0
end_of_record
TN:
SF:src/utils/functions/empty-object-function.ts
FN:3,isEmpty
FNF:1
FNH:1
FNDA:7,isEmpty
DA:3,1
DA:4,7
LF:2
LH:2
BRDA:4,0,0,7
BRDA:4,0,1,2
BRF:2
BRH:2
end_of_record
TN:
SF:src/utils/functions/populate-db-functions.ts
FN:4,(anonymous_14)
FN:4,(anonymous_15)
FNF:2
FNH:2
FNDA:3,(anonymous_14)
FNDA:3,(anonymous_15)
DA:1,1
DA:2,1
DA:4,3
DA:5,3
DA:7,3
DA:8,0
DA:9,0
DA:10,0
DA:11,0
DA:16,0
LF:10
LH:5
BRDA:7,0,0,0
BRDA:7,0,1,3
BRDA:10,1,0,0
BRDA:10,1,1,0
BRF:4
BRH:1
end_of_record
TN:
SF:src/utils/functions/select-functions.ts
FNF:0
FNH:0
DA:1,1
LF:1
LH:1
BRF:0
BRH:0
end_of_record
