TN:
SF:src/index.ts
FN:13,(anonymous_8)
FN:13,(anonymous_9)
FN:17,(anonymous_10)
FNF:3
FNH:3
FNDA:1,(anonymous_8)
FNDA:1,(anonymous_9)
FNDA:1,(anonymous_10)
DA:1,1
DA:2,1
DA:3,1
DA:4,1
DA:6,1
DA:10,1
DA:12,1
DA:13,1
DA:15,1
DA:17,1
DA:18,1
LF:11
LH:11
BRDA:15,0,0,1
BRDA:15,0,1,1
BRF:2
BRH:2
end_of_record
TN:
SF:src/middleware/error-middleware.ts
FN:4,(anonymous_1)
FNF:1
FNH:0
FNDA:0,(anonymous_1)
DA:2,1
DA:4,1
DA:10,0
DA:11,0
DA:13,0
DA:15,0
DA:16,0
DA:19,0
DA:22,0
LF:9
LH:2
BRDA:10,0,0,0
BRDA:10,0,1,0
BRDA:15,1,0,0
BRDA:15,1,1,0
BRF:4
BRH:0
end_of_record
TN:
SF:src/middleware/reroute-middleware.ts
FN:4,(anonymous_0)
FNF:1
FNH:1
FNDA:20,(anonymous_0)
DA:4,1
DA:20,20
DA:22,20
DA:26,16
DA:28,16
DA:29,12
DA:31,12
DA:33,12
DA:34,12
DA:35,12
DA:36,12
DA:37,12
DA:38,12
DA:39,12
DA:40,12
DA:44,20
DA:46,20
LF:17
LH:17
BRDA:22,0,0,16
BRDA:22,0,1,4
BRDA:23,1,0,20
BRDA:23,1,1,19
BRDA:23,1,2,12
BRDA:23,1,3,8
BRDA:28,2,0,12
BRDA:28,2,1,4
BRDA:28,3,0,16
BRDA:28,3,1,16
BRDA:29,4,0,0
BRDA:29,4,1,12
BRDA:31,5,0,0
BRDA:31,5,1,12
BRF:14
BRH:12
end_of_record
TN:
SF:src/middleware/guard/auth-guard-middleware.ts
FN:3,(anonymous_0)
FNF:1
FNH:1
FNDA:9,(anonymous_0)
DA:3,1
DA:8,9
DA:9,9
LF:3
LH:3
BRDA:10,0,0,8
BRDA:10,0,1,1
BRF:2
BRH:2
end_of_record
TN:
SF:src/models/acronym-model.ts
FN:26,validateAcronym
FN:35,validateAcronymForUpdate
FNF:2
FNH:2
FNDA:2,validateAcronym
FNDA:3,validateAcronymForUpdate
DA:1,1
DA:2,1
DA:8,1
DA:24,1
DA:26,1
DA:27,2
DA:32,2
DA:35,1
DA:38,3
DA:43,3
LF:10
LH:10
BRF:0
BRH:0
end_of_record
TN:
SF:src/routes/acronym-route.ts
FN:18,(anonymous_8)
FN:18,(anonymous_9)
FN:82,(anonymous_10)
FN:82,(anonymous_11)
FN:125,(anonymous_12)
FN:125,(anonymous_13)
FN:148,(anonymous_14)
FN:148,(anonymous_15)
FN:209,(anonymous_16)
FN:209,(anonymous_17)
FN:254,restructureParams
FNF:11
FNH:11
FNDA:4,(anonymous_8)
FNDA:4,(anonymous_9)
FNDA:3,(anonymous_10)
FNDA:3,(anonymous_11)
FNDA:3,(anonymous_12)
FNDA:3,(anonymous_13)
FNDA:4,(anonymous_14)
FNDA:4,(anonymous_15)
FNDA:4,(anonymous_16)
FNDA:4,(anonymous_17)
FNDA:10,restructureParams
DA:1,1
DA:6,1
DA:7,1
DA:10,1
DA:11,1
DA:12,1
DA:13,1
DA:16,1
DA:18,4
DA:19,4
DA:20,1
DA:26,3
DA:27,1
DA:33,2
DA:34,1
DA:40,1
DA:61,1
DA:65,1
DA:67,1
DA:68,0
DA:72,1
DA:79,1
DA:82,3
DA:89,3
DA:94,3
DA:95,1
DA:97,1
DA:98,1
DA:104,2
DA:111,2
DA:112,1
DA:117,1
DA:118,1
DA:120,0
DA:125,3
DA:126,3
DA:128,3
DA:132,2
DA:134,2
DA:136,1
DA:138,1
DA:140,1
DA:145,1
DA:148,4
DA:149,4
DA:151,4
DA:153,3
DA:155,3
DA:157,3
DA:159,3
DA:161,3
DA:162,1
DA:166,1
DA:167,1
DA:173,0
DA:177,0
DA:179,2
DA:183,2
DA:184,1
DA:188,1
DA:189,0
DA:195,1
DA:199,1
DA:206,1
DA:209,4
DA:212,4
DA:214,4
DA:215,1
DA:219,1
DA:220,1
DA:226,0
DA:228,0
DA:230,3
DA:234,3
DA:235,1
DA:239,2
DA:240,1
DA:246,1
DA:248,1
DA:256,10
DA:262,1
LF:81
LH:74
BRDA:19,0,0,1
BRDA:19,0,1,3
BRDA:26,1,0,1
BRDA:26,1,1,2
BRDA:33,2,0,1
BRDA:33,2,1,1
BRDA:41,3,0,1
BRDA:41,3,1,0
BRDA:41,4,0,0
BRDA:41,4,1,1
BRDA:41,5,0,1
BRDA:41,5,1,1
BRDA:41,6,0,0
BRDA:41,6,1,1
BRDA:41,7,0,1
BRDA:41,7,1,1
BRDA:46,8,0,1
BRDA:46,8,1,1
BRDA:46,9,0,0
BRDA:46,9,1,1
BRDA:46,10,0,1
BRDA:46,10,1,1
BRDA:46,11,0,0
BRDA:46,11,1,1
BRDA:46,12,0,1
BRDA:46,12,1,1
BRDA:67,13,0,0
BRDA:67,13,1,1
BRDA:73,14,0,0
BRDA:73,14,1,1
BRDA:73,15,0,1
BRDA:73,15,1,1
BRDA:74,16,0,0
BRDA:74,16,1,1
BRDA:74,17,0,1
BRDA:74,17,1,1
BRDA:75,18,0,0
BRDA:75,18,1,1
BRDA:75,19,0,1
BRDA:75,19,1,1
BRDA:76,20,0,0
BRDA:76,20,1,1
BRDA:76,21,0,1
BRDA:76,21,1,1
BRDA:79,22,0,0
BRDA:79,22,1,1
BRDA:79,23,0,1
BRDA:79,23,1,1
BRDA:94,24,0,1
BRDA:94,24,1,2
BRDA:97,25,0,1
BRDA:97,25,1,0
BRDA:111,26,0,1
BRDA:111,26,1,1
BRDA:111,27,0,2
BRDA:111,27,1,2
BRDA:117,28,0,1
BRDA:117,28,1,0
BRDA:117,29,0,1
BRDA:117,29,1,1
BRDA:128,30,0,1
BRDA:128,30,1,2
BRDA:134,31,0,1
BRDA:134,31,1,1
BRDA:151,32,0,1
BRDA:151,32,1,3
BRDA:153,33,0,0
BRDA:153,33,1,3
BRDA:157,34,0,0
BRDA:157,34,1,3
BRDA:161,35,0,1
BRDA:161,35,1,2
BRDA:166,36,0,1
BRDA:166,36,1,0
BRDA:183,37,0,1
BRDA:183,37,1,1
BRDA:188,38,0,0
BRDA:188,38,1,1
BRDA:214,39,0,1
BRDA:214,39,1,3
BRDA:219,40,0,1
BRDA:219,40,1,0
BRDA:234,41,0,1
BRDA:234,41,1,2
BRDA:239,42,0,1
BRDA:239,42,1,1
BRDA:258,43,0,10
BRDA:258,43,1,0
BRF:88
BRH:69
end_of_record
TN:
SF:src/routes/random-route.ts
FN:5,(anonymous_7)
FN:5,(anonymous_8)
FNF:2
FNH:2
FNDA:1,(anonymous_7)
FNDA:1,(anonymous_8)
DA:1,1
DA:2,1
DA:3,1
DA:5,1
DA:6,1
DA:10,1
DA:13,1
LF:7
LH:7
BRF:0
BRH:0
end_of_record
TN:
SF:src/startup/config.ts
FN:3,initConfig
FNF:1
FNH:1
FNDA:1,initConfig
DA:1,1
DA:3,1
DA:4,1
DA:5,0
DA:8,1
DA:9,0
LF:6
LH:4
BRDA:4,0,0,0
BRDA:4,0,1,1
BRDA:8,1,0,0
BRDA:8,1,1,1
BRF:4
BRH:2
end_of_record
TN:
SF:src/startup/db.ts
FN:7,(anonymous_8)
FN:7,(anonymous_9)
FN:31,(anonymous_10)
FN:31,(anonymous_11)
FNF:4
FNH:4
FNDA:2,(anonymous_8)
FNDA:2,(anonymous_9)
FNDA:1,(anonymous_10)
FNDA:1,(anonymous_11)
DA:2,1
DA:3,1
DA:4,1
DA:6,1
DA:7,2
DA:8,2
DA:9,2
DA:10,2
DA:11,2
DA:19,2
DA:20,2
DA:22,2
DA:25,0
DA:26,0
DA:27,0
DA:31,1
DA:32,1
LF:17
LH:14
BRDA:19,0,0,2
BRDA:19,0,1,0
BRF:2
BRH:1
end_of_record
TN:
SF:src/startup/init.ts
FN:14,init
FN:34,(anonymous_10)
FNF:2
FNH:1
FNDA:2,init
FNDA:0,(anonymous_10)
DA:2,1
DA:3,1
DA:4,1
DA:5,1
DA:6,1
DA:7,1
DA:8,1
DA:11,1
DA:14,1
DA:15,2
DA:25,2
DA:26,2
DA:28,2
DA:30,2
DA:31,2
DA:32,2
DA:34,2
DA:35,0
LF:18
LH:17
BRF:0
BRH:0
end_of_record
TN:
SF:src/startup/logging.ts
FN:5,(anonymous_1)
FN:13,(anonymous_2)
FN:21,(anonymous_3)
FNF:3
FNH:1
FNDA:2,(anonymous_1)
FNDA:0,(anonymous_2)
FNDA:0,(anonymous_3)
DA:1,1
DA:2,1
DA:3,1
DA:5,1
DA:6,2
DA:13,2
DA:14,0
DA:15,0
DA:17,0
DA:21,2
DA:22,0
DA:23,0
DA:25,0
LF:13
LH:7
BRDA:14,0,0,0
BRDA:14,0,1,0
BRDA:22,1,0,0
BRDA:22,1,1,0
BRF:4
BRH:0
end_of_record
TN:
SF:src/startup/routes.ts
FN:7,(anonymous_7)
FN:7,(anonymous_8)
FNF:2
FNH:2
FNDA:2,(anonymous_7)
FNDA:2,(anonymous_8)
DA:1,1
DA:3,1
DA:4,1
DA:5,1
DA:7,2
DA:8,2
DA:10,2
DA:11,2
DA:13,2
LF:9
LH:9
BRF:0
BRH:0
end_of_record
TN:
SF:src/test/mock/db-mock.ts
FNF:0
FNH:0
DA:4,1
LF:1
LH:1
BRF:0
BRH:0
end_of_record
TN:
SF:src/utils/functions/empty-object-function.ts
FN:3,isEmpty
FNF:1
FNH:1
FNDA:7,isEmpty
DA:3,1
DA:4,7
LF:2
LH:2
BRDA:4,0,0,7
BRDA:4,0,1,2
BRF:2
BRH:2
end_of_record
TN:
SF:src/utils/functions/populate-db-functions.ts
FN:4,(anonymous_14)
FN:4,(anonymous_15)
FNF:2
FNH:2
FNDA:4,(anonymous_14)
FNDA:4,(anonymous_15)
DA:1,1
DA:2,1
DA:4,4
DA:5,4
DA:7,4
DA:8,1542
DA:9,1542
DA:10,1542
DA:11,1443
DA:16,1443
LF:10
LH:10
BRDA:7,0,0,1
BRDA:7,0,1,3
BRDA:10,1,0,1443
BRDA:10,1,1,99
BRF:4
BRH:4
end_of_record
TN:
SF:src/utils/functions/select-functions.ts
FNF:0
FNH:0
DA:1,1
LF:1
LH:1
BRF:0
BRH:0
end_of_record
